do run
loading script "felix_analysis400_120_CDD_center.py"
loading script "felix_pump_ms.py"
loading script "felix_air_x2.py"
loading script "felix_pump_extraction_line.py"
testing...
no interpolation path defined
executed snippet estimated_duration=559.2304, duration=0.00048303604126
script duration name:analysis400_120_CDD_center seconds:559.0
loading script "felix_analysis400_120_CDD_center.py"
loading script "felix_pump_ms.py"
loading script "felix_air_x2.py"
loading script "felix_pump_extraction_line.py"
testing...
no interpolation path defined
executed snippet estimated_duration=0, duration=3.60012054443e-05
loading script "felix_analysis400_120_CDD_center.py"
loading script "felix_pump_ms.py"
loading script "felix_air_x2.py"
loading script "felix_pump_extraction_line.py"
testing...
no interpolation path defined
calculate duration
testing...
no interpolation path defined
executed snippet estimated_duration=0, duration=9.98973846436e-05
calculate duration
testing...
no interpolation path defined
executed snippet estimated_duration=0, duration=0.000196933746338
calculate duration
testing...
no interpolation path defined
executed snippet estimated_duration=32.0, duration=0.000149011611938
calculate duration
testing...
no interpolation path defined
executed snippet estimated_duration=34.0, duration=0.00017786026001
calculate duration
testing...
no interpolation path defined
executed snippet estimated_duration=2.0, duration=9.41753387451e-05
calculate duration
testing...
no interpolation path defined
executed snippet estimated_duration=34.0, duration=0.0001060962677
calculate duration
testing...
no interpolation path defined
executed snippet estimated_duration=34.0, duration=0.000146865844727
calculate duration
testing...
no interpolation path defined
executed snippet estimated_duration=34.0, duration=0.000118970870972
executed snippet estimated_duration=174.0, duration=0.0129630565643
script duration name:air_x2 seconds:174.0
loading script "felix_analysis400_120_CDD_center.py"
loading script "felix_pump_ms.py"
loading script "felix_air_x2.py"
loading script "felix_pump_extraction_line.py"
testing...
no interpolation path defined
calculate duration
testing...
no interpolation path defined
executed snippet estimated_duration=4.0, duration=0.00023889541626
executed snippet estimated_duration=4.0, duration=0.00273990631104
Script duration 733.0
Run total estimated duration= 734.000
run duration: 0:12:14
doing event level: 2
09:39:01 -- Setting default integration. t=1.048576
setting integration time = 1.048576
SetIntegrationTime 1.048576 ===>> OK
----------------- start -----------------
**************** Experiment Type: Ar/Ar, Ar/Ar
create new session 4743096080
close session 4743096080
$$$$$ Clearing conditionals
adding conditionals 
Add queue conditionals
add default conditionals
adding default conditionals from /Users/obama/PychronDev/setupfiles/spectrometer/default_conditionals.yaml
Start automated run a-01-F-2417
loading script "felix_analysis400_120_CDD_center.py"
loading script "felix_pump_ms.py"
loading script "felix_air_x2.py"
loading script "felix_pump_extraction_line.py"
%%%%%%%%%%%%%%%%%% setting automated run a-01-F-2417
No value "sensitivity_multiplier" in metadata
$$$$$$$$$$$$$$$ auto_save_detector_ic=False
============================= Pre Extraction Check =============================
loading queue conditionals pre_run_terminations
loading system conditionals pre_run_terminations
loading conditionals from /Users/obama/PychronDev/setupfiles/spectrometer/default_conditionals.yaml
09:39:02 -- ******* Pre Extraction Check *******
Get a measurement from the spectrometer
Pre Extraction Termination data. keys=L2(CDD),H2,H1,AX,L1,L2, signals=0.00786,2.20425,-0.06288,-0.23379,-0.61761,0.13556
09:39:02 -- testing system defined conditionals
Checking default pre extraction terminations n=2
testing L2_CDD_
evaluate ot="L2(CDD).inactive" t="L2_CDD_", ctx="{'L2_CDD_': False}"
GetDeflection L2 (CDD) ===>> 0
testing L2_CDD_==3250
evaluate ot="L2(CDD).deflection==3250" t="L2_CDD_==3250", ctx="{'L2_CDD_': 0.0}"
09:39:02 -- ******* Pre Extraction Check Passed *******
=================================================================================
09:39:02 -- stopping status monitor
stop 4717596112
Status monitor stopped
Status monitor finished
09:39:06 -- starting status monitor
start 4717596112
StatusMonitor period=3. Frequencies(state=1, checksum=3, lock=5, owner=5)
start extraction
do extraction
Analysis started at 09:39:11.055942
Extraction Started felix_air_x2.py
09:39:11 -- ******* Extraction Started felix_air_x2.py *******
state changed from not run to extraction
DO EXTRACTION <pychron.extraction_line.pyscript_runner.RemotePyScriptRunner object at 0x11cc15fb0>
testing...
no interpolation path defined
calculate duration
testing...
no interpolation path defined
executed snippet estimated_duration=0, duration=7.60555267334e-05
calculate duration
testing...
no interpolation path defined
executed snippet estimated_duration=0, duration=0.000164985656738
calculate duration
testing...
no interpolation path defined
executed snippet estimated_duration=32.0, duration=0.00012993812561
calculate duration
testing...
no interpolation path defined
executed snippet estimated_duration=34.0, duration=0.000131130218506
calculate duration
testing...
no interpolation path defined
executed snippet estimated_duration=2.0, duration=7.79628753662e-05
calculate duration
testing...
no interpolation path defined
executed snippet estimated_duration=34.0, duration=8.98838043213e-05
calculate duration
testing...
no interpolation path defined
executed snippet estimated_duration=34.0, duration=0.000159025192261
calculate duration
testing...
no interpolation path defined
executed snippet estimated_duration=34.0, duration=8.98838043213e-05
executed snippet estimated_duration=174.0, duration=0.0103878974915
Air Pipette x2
doing GOSUB
testing...
no interpolation path defined
executed snippet estimated_duration=0, duration=7.82012939453e-05
Waiting for minibone access
wait ('JanMiniboneFlag', 0) {}
waiting for JanMiniboneFlag = 0
Read JanMiniboneFlag ===>> 0
finished waiting
Minibone released
wait ('MinibonePumpTimeFlag', 0) {}
waiting for MinibonePumpTimeFlag = 0
Read MinibonePumpTimeFlag ===>> 0
finished waiting
acquire ('FelixMiniboneFlag',) {'clear': True}
acquire FelixMiniboneFlag
Set FelixMiniboneFlag 1 ===>> OK
FelixMiniboneFlag acquired
set extraction state False (0.75, 'red', 1.5)
minibone acquired
executed snippet estimated_duration=0, duration=0.0225789546967
WaitForMiniboneAccess.py completed successfully
gosub finished
doing GOSUB
testing...
no interpolation path defined
executed snippet estimated_duration=0, duration=0.000153064727783
Prepare for Air Shot
close () {'description': 'Felix Inlet'}
close name=--- desc=Felix Inlet
checking ownership. requestor=129.138.12.137
check software interlocks H
interlocks []
actuate state mode=None-script, software_lock=False
doing actuation None-script close_channel False
Close H ===>> OK
GetIndicatorState H ===>> False
change switch state (True, True)
09:39:11 -- CLOSE  VALVE-H (Felix Inlet)
-------------------------- close None (Felix Inlet) result=[(True, True)]
action=close, ok=True, locked=[False]
open () {'description': 'Felix Ion Pump'}
open name=--- desc=Felix Ion Pump
checking ownership. requestor=129.138.12.137
check software interlocks V
interlocks []
actuate state mode=None-script, software_lock=False
doing actuation None-script open_channel False
Open V ===>> OK
GetIndicatorState V ===>> OK
change switch state (True, True)
09:39:11 -- OPEN   VALVE-V (Felix Ion Pump)
-------------------------- open None (Felix Ion Pump) result=[(True, True)]
action=open, ok=True, locked=[False]
close () {'description': 'Microbone to Minibone'}
close name=--- desc=Microbone to Minibone
checking ownership. requestor=129.138.12.137
check software interlocks L
interlocks []
actuate state mode=None-script, software_lock=False
doing actuation None-script close_channel False
Close L ===>> OK
GetIndicatorState L ===>> False
change switch state (True, True)
09:39:12 -- CLOSE  VALVE-L (Microbone to Minibone)
-------------------------- close None (Microbone to Minibone) result=[(True, True)]
action=close, ok=True, locked=[False]
close () {'description': 'Quad Inlet'}
close name=--- desc=Quad Inlet
checking ownership. requestor=129.138.12.137
check software interlocks Q
interlocks []
actuate state mode=None-script, software_lock=False
doing actuation None-script close_channel True
Close Q ===>> OK
GetIndicatorState Q ===>> False
change switch state (True, True)
09:39:12 -- CLOSE  VALVE-Q (Quad Inlet)
-------------------------- close None (Quad Inlet) result=[(True, True)]
action=close, ok=True, locked=[False]
open () {'description': 'Bone to Turbo'}
open name=--- desc=Bone to Turbo
checking ownership. requestor=129.138.12.137
check software interlocks C
interlocks []
actuate state mode=None-script, software_lock=False
doing actuation None-script open_channel False
Open C ===>> OK
GetIndicatorState C ===>> OK
change switch state (True, True)
09:39:13 -- OPEN   VALVE-C (Bone to Turbo)
-------------------------- open None (Bone to Turbo) result=[(True, True)]
action=open, ok=True, locked=[False]
open () {'description': 'Bone to Minibone'}
open name=--- desc=Bone to Minibone
checking ownership. requestor=129.138.12.137
check software interlocks E
interlocks []
actuate state mode=None-script, software_lock=False
doing actuation None-script open_channel False
Open E ===>> OK
GetIndicatorState E ===>> OK
change switch state (True, True)
09:39:13 -- OPEN   VALVE-E (Bone to Minibone)
-------------------------- open None (Bone to Minibone) result=[(True, True)]
action=open, ok=True, locked=[False]
open () {'description': 'Minibone to Bone'}
open name=--- desc=Minibone to Bone
checking ownership. requestor=129.138.12.137
check software interlocks I
interlocks []
actuate state mode=None-script, software_lock=False
doing actuation None-script open_channel True
Open I ===>> OK
GetIndicatorState I ===>> OK
change switch state (True, True)
09:39:14 -- OPEN   VALVE-I (Minibone to Bone)
-------------------------- open None (Minibone to Bone) result=[(True, True)]
action=open, ok=True, locked=[False]
open () {'description': 'Bone to Getter GP-50'}
open name=--- desc=Bone to Getter GP-50
checking ownership. requestor=129.138.12.137
check software interlocks N
interlocks []
actuate state mode=None-script, software_lock=False
doing actuation None-script open_channel False
Open N ===>> OK
GetIndicatorState N ===>> OK
change switch state (True, True)
09:39:14 -- OPEN   VALVE-N (Bone to Getter GP-50)
-------------------------- open None (Bone to Getter GP-50) result=[(True, True)]
action=open, ok=True, locked=[False]
close () {'description': 'Bone to CO2 Laser'}
close name=--- desc=Bone to CO2 Laser
checking ownership. requestor=129.138.12.137
check software interlocks D
interlocks []
actuate state mode=None-script, software_lock=False
doing actuation None-script close_channel True
Close D ===>> OK
GetIndicatorState D ===>> False
change switch state (True, True)
09:39:15 -- CLOSE  VALVE-D (Bone to CO2 Laser)
-------------------------- close None (Bone to CO2 Laser) result=[(True, True)]
action=close, ok=True, locked=[False]
close () {'description': 'Bone to Diode Laser'}
close name=--- desc=Bone to Diode Laser
checking ownership. requestor=129.138.12.137
check software interlocks B
interlocks []
actuate state mode=None-script, software_lock=False
doing actuation None-script close_channel True
Close B ===>> OK
GetIndicatorState B ===>> False
change switch state (True, True)
09:39:16 -- CLOSE  VALVE-B (Bone to Diode Laser)
-------------------------- close None (Bone to Diode Laser) result=[(True, True)]
action=close, ok=True, locked=[False]
executed snippet estimated_duration=0, duration=5.19687914848
PrepareForAirShot.py completed successfully
gosub finished
doing GOSUB
testing...
no interpolation path defined
executed snippet estimated_duration=32.0, duration=0.000142097473145
Evacuate Pipette 2
open () {'description': 'Minibone to Turbo'}
open name=--- desc=Minibone to Turbo
checking ownership. requestor=129.138.12.137
check software interlocks P
interlocks []
actuate state mode=None-script, software_lock=False
doing actuation None-script open_channel False
Open P ===>> OK
GetIndicatorState P ===>> OK
change switch state (True, True)
09:39:16 -- OPEN   VALVE-P (Minibone to Turbo)
-------------------------- open None (Minibone to Turbo) result=[(True, True)]
action=open, ok=True, locked=[False]
close () {'description': 'Inner Pipette 2'}
close name=--- desc=Inner Pipette 2
checking ownership. requestor=129.138.12.137
check software interlocks Z
interlocks ['Y']
actuate state mode=None-script, software_lock=False
doing actuation None-script close_channel False
Close Z ===>> OK
GetIndicatorState Z ===>> False
change switch state (True, True)
09:39:16 -- CLOSE  VALVE-Z (Inner Pipette 2)
-------------------------- close None (Inner Pipette 2) result=[(True, True)]
action=close, ok=True, locked=[False]
sleep (1,) {}
SLEEP 1.0
open () {'description': 'Outer Pipette 2'}
open name=--- desc=Outer Pipette 2
checking ownership. requestor=129.138.12.137
check software interlocks Y
interlocks ['Z']
actuate state mode=None-script, software_lock=False
doing actuation None-script open_channel True
Open Y ===>> OK
GetIndicatorState Y ===>> OK
change switch state (True, True)
09:39:18 -- OPEN   VALVE-Y (Outer Pipette 2)
-------------------------- open None (Outer Pipette 2) result=[(True, True)]
action=open, ok=True, locked=[False]
sleep (15,) {}
SLEEP 15.0
block started
WaitControl setup for 15.0  
Join finished
block finished. duration 15.0358338356
executed snippet estimated_duration=48.0, duration=17.2906401157
EvacPipette2.py completed successfully
gosub finished
doing GOSUB
testing...
no interpolation path defined
executed snippet estimated_duration=34.0, duration=0.000176191329956
Fill Pipette 2
close () {'description': 'Outer Pipette 2'}
close name=--- desc=Outer Pipette 2
checking ownership. requestor=129.138.12.137
check software interlocks Y
interlocks ['Z']
actuate state mode=None-script, software_lock=False
doing actuation None-script close_channel True
Close Y ===>> OK
GetIndicatorState Y ===>> False
change switch state (True, True)
09:39:33 -- CLOSE  VALVE-Y (Outer Pipette 2)
-------------------------- close None (Outer Pipette 2) result=[(True, True)]
action=close, ok=True, locked=[False]
sleep (1,) {}
SLEEP 1.0
filling air pipette
open () {'description': 'Inner Pipette 2'}
open name=--- desc=Inner Pipette 2
checking ownership. requestor=129.138.12.137
check software interlocks Z
interlocks ['Y']
actuate state mode=None-script, software_lock=False
doing actuation None-script open_channel True
Open Z ===>> OK
set states for children of Z. state=True
refresh_canvas_needed fired
GetIndicatorState Z ===>> OK
change switch state (True, True)
09:39:35 -- OPEN   VALVE-Z (Inner Pipette 2)
-------------------------- open None (Inner Pipette 2) result=[(True, True)]
action=open, ok=True, locked=[False]
sleep (15,) {}
SLEEP 15.0
block started
WaitControl setup for 15.0  
Join finished
block finished. duration 15.0593600273
close () {'description': 'Inner Pipette 2'}
close name=--- desc=Inner Pipette 2
checking ownership. requestor=129.138.12.137
check software interlocks Z
interlocks ['Y']
actuate state mode=None-script, software_lock=False
doing actuation None-script close_channel True
Close Z ===>> OK
GetIndicatorState Z ===>> False
change switch state (True, True)
09:39:50 -- CLOSE  VALVE-Z (Inner Pipette 2)
-------------------------- close None (Inner Pipette 2) result=[(True, True)]
action=close, ok=True, locked=[False]
sleep (1,) {}
SLEEP 1.0
executed snippet estimated_duration=51.0, duration=18.2876780033
FillPipette2.py completed successfully
gosub finished
doing GOSUB
testing...
no interpolation path defined
executed snippet estimated_duration=2.0, duration=0.000241041183472
Prepare for air expansion
close () {'description': 'Bone to Turbo'}
close name=--- desc=Bone to Turbo
checking ownership. requestor=129.138.12.137
check software interlocks C
interlocks []
actuate state mode=None-script, software_lock=False
doing actuation None-script close_channel True
Close C ===>> OK
GetIndicatorState C ===>> False
change switch state (True, True)
09:39:52 -- CLOSE  VALVE-C (Bone to Turbo)
-------------------------- close None (Bone to Turbo) result=[(True, True)]
action=close, ok=True, locked=[False]
sleep (1,) {}
SLEEP 1.0
open () {'description': 'Bone to Minibone'}
open name=--- desc=Bone to Minibone
checking ownership. requestor=129.138.12.137
check software interlocks E
interlocks []
actuate state mode=None-script, software_lock=False
doing actuation None-script open_channel False
Open E ===>> OK
GetIndicatorState E ===>> OK
change switch state (True, True)
09:39:53 -- OPEN   VALVE-E (Bone to Minibone)
-------------------------- open None (Bone to Minibone) result=[(True, True)]
action=open, ok=True, locked=[False]
open () {'description': 'Minibone to Bone'}
open name=--- desc=Minibone to Bone
checking ownership. requestor=129.138.12.137
check software interlocks I
interlocks []
actuate state mode=None-script, software_lock=False
doing actuation None-script open_channel False
Open I ===>> OK
GetIndicatorState I ===>> OK
change switch state (True, True)
09:39:54 -- OPEN   VALVE-I (Minibone to Bone)
-------------------------- open None (Minibone to Bone) result=[(True, True)]
action=open, ok=True, locked=[False]
executed snippet estimated_duration=3.0, duration=2.58137702942
PrepareForAirShotExpansion.py completed successfully
gosub finished
doing GOSUB
testing...
no interpolation path defined
executed snippet estimated_duration=34.0, duration=0.000146865844727
Expand Pipette 2
close () {'description': 'Minibone to Turbo'}
close name=--- desc=Minibone to Turbo
checking ownership. requestor=129.138.12.137
check software interlocks P
interlocks []
actuate state mode=None-script, software_lock=False
doing actuation None-script close_channel True
Close P ===>> OK
GetIndicatorState P ===>> False
change switch state (True, True)
09:39:54 -- CLOSE  VALVE-P (Minibone to Turbo)
-------------------------- close None (Minibone to Turbo) result=[(True, True)]
action=close, ok=True, locked=[False]
sleep (2,) {}
SLEEP 2.0
block started
WaitControl setup for 2.0  
Join finished
block finished. duration 2.01966285706
open () {'description': 'Outer Pipette 2'}
open name=--- desc=Outer Pipette 2
checking ownership. requestor=129.138.12.137
check software interlocks Y
interlocks ['Z']
actuate state mode=None-script, software_lock=False
doing actuation None-script open_channel True
Open Y ===>> OK
GetIndicatorState Y ===>> OK
increment shot count 6184
saved current shot count 6184
change switch state (True, True)
09:39:57 -- OPEN   VALVE-Y (Outer Pipette 2)
-------------------------- open None (Outer Pipette 2) result=[(True, True)]
action=open, ok=True, locked=[False]
sleep (15,) {}
SLEEP 15.0
block started
WaitControl setup for 15.0  
Join finished
block finished. duration 15.0395748615
executed snippet estimated_duration=51.0, duration=18.0375869274
ExpandPipette2.py completed successfully
gosub finished
close () {'description': 'Outer Pipette 2'}
close name=--- desc=Outer Pipette 2
checking ownership. requestor=129.138.12.137
check software interlocks Y
interlocks ['Z']
actuate state mode=None-script, software_lock=False
doing actuation None-script close_channel True
Close Y ===>> OK
GetIndicatorState Y ===>> False
change switch state (True, True)
09:40:12 -- CLOSE  VALVE-Y (Outer Pipette 2)
-------------------------- close None (Outer Pipette 2) result=[(True, True)]
action=close, ok=True, locked=[False]
sleep (1,) {}
SLEEP 1.0
Shot 2
doing GOSUB
testing...
no interpolation path defined
executed snippet estimated_duration=34.0, duration=0.000226020812988
Fill Pipette 2
close () {'description': 'Outer Pipette 2'}
close name=--- desc=Outer Pipette 2
checking ownership. requestor=129.138.12.137
check software interlocks Y
interlocks ['Z']
actuate state mode=None-script, software_lock=False
doing actuation None-script close_channel False
Close Y ===>> OK
GetIndicatorState Y ===>> False
change switch state (True, True)
09:40:14 -- CLOSE  VALVE-Y (Outer Pipette 2)
-------------------------- close None (Outer Pipette 2) result=[(True, True)]
action=close, ok=True, locked=[False]
sleep (1,) {}
SLEEP 1.0
filling air pipette
open () {'description': 'Inner Pipette 2'}
open name=--- desc=Inner Pipette 2
checking ownership. requestor=129.138.12.137
check software interlocks Z
interlocks ['Y']
actuate state mode=None-script, software_lock=False
doing actuation None-script open_channel True
Open Z ===>> OK
GetIndicatorState Z ===>> OK
change switch state (True, True)
09:40:15 -- OPEN   VALVE-Z (Inner Pipette 2)
-------------------------- open None (Inner Pipette 2) result=[(True, True)]
action=open, ok=True, locked=[False]
sleep (15,) {}
SLEEP 15.0
block started
WaitControl setup for 15.0  
Join finished
block finished. duration 15.0250258446
close () {'description': 'Inner Pipette 2'}
close name=--- desc=Inner Pipette 2
checking ownership. requestor=129.138.12.137
check software interlocks Z
interlocks ['Y']
actuate state mode=None-script, software_lock=False
doing actuation None-script close_channel True
Close Z ===>> OK
set states for children of Z. state=False
refresh_canvas_needed fired
GetIndicatorState Z ===>> False
change switch state (True, True)
09:40:30 -- CLOSE  VALVE-Z (Inner Pipette 2)
-------------------------- close None (Inner Pipette 2) result=[(True, True)]
action=close, ok=True, locked=[False]
sleep (1,) {}
SLEEP 1.0
executed snippet estimated_duration=51.0, duration=18.223744154
FillPipette2.py completed successfully
gosub finished
doing GOSUB
testing...
no interpolation path defined
executed snippet estimated_duration=34.0, duration=0.000144958496094
Expand Pipette 2
close () {'description': 'Minibone to Turbo'}
close name=--- desc=Minibone to Turbo
checking ownership. requestor=129.138.12.137
check software interlocks P
interlocks []
actuate state mode=None-script, software_lock=False
doing actuation None-script close_channel False
Close P ===>> OK
GetIndicatorState P ===>> False
change switch state (True, True)
09:40:32 -- CLOSE  VALVE-P (Minibone to Turbo)
-------------------------- close None (Minibone to Turbo) result=[(True, True)]
action=close, ok=True, locked=[False]
sleep (2,) {}
SLEEP 2.0
block started
WaitControl setup for 2.0  
Join finished
block finished. duration 2.01675200462
open () {'description': 'Outer Pipette 2'}
open name=--- desc=Outer Pipette 2
checking ownership. requestor=129.138.12.137
check software interlocks Y
interlocks ['Z']
actuate state mode=None-script, software_lock=False
doing actuation None-script open_channel True
Open Y ===>> OK
GetIndicatorState Y ===>> OK
increment shot count 6185
saved current shot count 6185
change switch state (True, True)
09:40:34 -- OPEN   VALVE-Y (Outer Pipette 2)
-------------------------- open None (Outer Pipette 2) result=[(True, True)]
action=open, ok=True, locked=[False]
sleep (15,) {}
SLEEP 15.0
block started
WaitControl setup for 15.0  
Join finished
block finished. duration 15.0337359905
executed snippet estimated_duration=51.0, duration=18.0144731998
ExpandPipette2.py completed successfully
gosub finished
close () {'description': 'Outer Pipette 2'}
close name=--- desc=Outer Pipette 2
checking ownership. requestor=129.138.12.137
check software interlocks Y
interlocks ['Z']
actuate state mode=None-script, software_lock=False
doing actuation None-script close_channel True
Close Y ===>> OK
GetIndicatorState Y ===>> False
change switch state (True, True)
09:40:50 -- CLOSE  VALVE-Y (Outer Pipette 2)
-------------------------- close None (Outer Pipette 2) result=[(True, True)]
action=close, ok=True, locked=[False]
sleep (1,) {}
SLEEP 1.0
executed snippet estimated_duration=176.0, duration=100.541504145
felix_air_x2.py completed successfully
get achieved output
Requested Output= 0.000
Achieved Output=  0.000
get response blob
get output blob
active pid =HO,20;XP,400;TI,90;TD,10
persistence save...
persistence save - db
AutomatedRunPersister post_extraction_save deprecated
persistence save - dvc
no extraction position for 
not connected to db mysql://felixexp@129.138.12.160/labspy
Enviromentals: {'lab_humiditys': [{'device': 'EnvironmentalMonitor',
                    'name': 'Lab Hum.',
                    'pub_date': '2017-09-23T09:05:47',
                    'title': 'iServer Hum.',
                    'value': 38.0}],
 'lab_pneumatics': [{'device': 'AirPressure',
                     'name': 'Pressure',
                     'pub_date': '2017-09-23T09:39:16',
                     'title': None,
                     'value': 96.15},
                    {'device': 'AirPressure2',
                     'name': 'Pressure2',
                     'pub_date': '2017-09-23T09:39:20',
                     'title': None,
                     'value': 97.54732}],
 'lab_temperatures': [{'device': 'Coldfinger',
                       'name': 'ColdFinger Temp.',
                       'pub_date': '2017-09-23T09:40:15',
                       'title': None,
                       'value': -6.0},
                      {'device': 'EnvironmentalMonitor',
                       'name': 'Lab Temp.',
                       'pub_date': '2017-09-23T09:35:12',
                       'title': 'iServer Temp.',
                       'value': 71.2},
                      {'device': 'Chiller',
                       'name': 'Coolant Temp.',
                       'pub_date': '2017-09-23T09:31:50',
                       'title': None,
                       'value': 18.0}]}
Extraction Finished
09:40:54 -- ******* Extraction Finished *******
no overlap. not waiting for min ms pumptime
09:40:54 -- Sending spectrometer configuration
======== Sending configuration ========
SetZFocus 1.65 ===>> OK
SetHV 9900.0 ===>> OK
SetZSymmetry 3.35 ===>> OK
SetExtractionLens 63.57 ===>> OK
SetIonRepeller -5.15 ===>> OK
SetElectronEnergy 125.02 ===>> OK
SetYSymmetry 38.07 ===>> OK
send trap current 250.0
GetParameter Trap Current Readback ===>> 249.054385643655
SetParameter Trap Current Set,250.0 ===>> OK
updating mftable name argon
Using mftable located at /Users/obama/PychronDev/setupfiles/spectrometer/mftables/argon.csv
============ MFtable ===========
Isotope  H2     H1     AX     L1     L2     L2(CDD)
Ar40     3.7675 3.8427 3.9208 4.0023 4.1099 4.0955
Ar39     3.6931 3.7675 3.8439 3.9268 4.0293 4.0145
Ar36     3.4667 3.4192 3.6084 3.6842 3.7929 3.7674
================================
get initial guess parabolic
get initial guess parabolic
get initial guess parabolic
get initial guess parabolic
get initial guess parabolic
get initial guess parabolic
======== Configuration Finished ========
GetYSymmetry ===>> 38.07
GetZSymmetry ===>> 3.35
GetParameter Trap Current Readback ===>> 247.711774400293
GetHighVoltage ===>> 9900
start measurement
do measurement
L#=a-01-F analysis type=air
Measurement Started felix_analysis400_120_CDD_center.py
09:40:54 -- ******* Measurement Started felix_analysis400_120_CDD_center.py *******
state changed from extraction to measurement
setting trap, emission, spec, defl, and gains
GetExtractionLens ===>> 63.57
GetYSymmetry ===>> 38.07
GetZSymmetry ===>> 3.35
GetZFocus ===>> 1.65
GetDeflection H2 (CDD) ===>> 3250
GetDeflection H1 (CDD) ===>> 3250
GetDeflection AX (CDD) ===>> 3250
GetDeflection L1 (CDD) ===>> 3250
GetDeflection L2 (CDD) ===>> 0
GetGain H2 ===>> 0.9809305
GetGain H1 ===>> 0.9706
GetGain AX ===>> 0.96269
GetGain L1 ===>> 0.970094835296087
GetGain L2 ===>> 0.967359864778375
GetGain H2(CDD) ===>> 0
GetGain H1(CDD) ===>> 0
GetGain AX(CDD) ===>> 0
GetGain L1(CDD) ===>> 0
GetGain L2(CDD) ===>> 0
GetParameter Trap Current Readback ===>> 247.711774400293
GetParameter Source Current Readback ===>> 881.722761399011
pre measurement save
New frame /Users/obama/PychronDev/data/isotopes/12/d565ad-aa74-4942-8862-6e3387fa1013.h5
flush and close file /Users/obama/PychronDev/data/isotopes/12/d565ad-aa74-4942-8862-6e3387fa1013.h5
testing...
no interpolation path defined
executed snippet estimated_duration=590.4304, duration=0.000226974487305
unknown measurement script
activate_detectors ('H2', 'H1', 'AX', 'L1', 'L2(CDD)') {}
activate detectors
*************** Set Analysis View Ar/Ar
create graphs
clearing graphs
clear isotope group
setting isotope det=H2, iso=Ar40
setting isotope det=H1, iso=Ar39
setting isotope det=AX, iso=Ar38
setting isotope det=L1, iso=Ar37
setting isotope det=L2(CDD), iso=Ar36
setting previous blanks
 - setting Ar40 blank 3.994+/-0.022
 - setting Ar36 blank 0.01538+/-0.00029
 - setting Ar37 blank -0.008+/-0.012
 - setting Ar38 blank 0.010+/-0.013
 - setting Ar39 blank -0.066+/-0.026
load analysis view
position_magnet ('Ar40',) {'detector': 'H2'}
detector Detector(H2)
POSITION Ar40 H2
molweights={'Ar40': 39.9624, 'PM41': 41.0, 'Ar35': 35.0, 'Ar36': 35.9675, 'Ar37': 36.9668, 'Ar38': 37.9627, 'Ar39': 38.964, 'PM42': 42.0}
setting detector H2 to Ar40 (39.9624)
setting detector H1 to Ar39 (38.8624)
setting detector AX to Ar38 (37.9624)
setting detector L1 to Ar37 (36.9624)
setting detector L2 to Ar36 (35.8624)
setting detector H2(CDD) to Ar40 (39.8624)
setting detector H1(CDD) to Ar39 (38.8624)
setting detector AX(CDD) to Ar38 (37.8624)
setting detector L1(CDD) to Ar37 (36.8624)
setting detector L2(CDD) to Ar36 (35.9624)
Mapping mass to dac mass func: "parabolic"
H2 map mass coeffs = [ -2.56720193e-04   9.47812314e-02   3.89784975e-01]
H2 map mass to dac 39.9624 >> 3.76749
GetHighVoltage ===>> 9900
positioning Ar40 (3.76749) on H2
setting magnet DAC
current  : 3.767370
requested: 3.767490
Delta Dac: 0.000120
Checking detector protection. dv=0.00012
SetMagnetDAC 3.76749 ===>> OK
Magnet settling time: 0.500 0.500
Magnet settling complete
set_dac. change=True
equilibrate () {'delay': 3, 'inlet': 'H', 'outlet': 'V', 'eqtime': 30.0}
Equilibration Started
09:40:55 -- ******* Equilibration Started *******
checking ownership. requestor=129.138.12.137
check software interlocks V
interlocks []
actuate state mode=None-script, software_lock=False
doing actuation None-script close_channel True
Close V ===>> OK
update labels <pychron.experiment.plot_panel.PlotPanel object at 0x11e0af7d0>
update labels "<pychron.graph.stacked_regression_graph.StackedRegressionGraph object at 0x125e8fa70>"
setting label 0 H2 Ar40
setting label 1 H1 Ar39
setting label 2 AX Ar38
setting label 3 L1 Ar37
setting label 4 L2(CDD) Ar36
update labels "<pychron.graph.stacked_graph.StackedGraph object at 0x125c37ad0>"
setting label 0 H2 Ar40
setting label 1 H1 Ar39
setting label 2 AX Ar38
setting label 3 L1 Ar37
setting label 4 L2(CDD) Ar36
GetIndicatorState V ===>> False
change switch state (True, True)
09:40:55 -- CLOSE  VALVE-V (Felix Ion Pump)
waiting 3s before opening inlet value ('H',)
checking ownership. requestor=129.138.12.137
check software interlocks H
interlocks []
actuate state mode=None-script, software_lock=False
doing actuation None-script open_channel True
Open H ===>> OK
GetIndicatorState H ===>> OK
change switch state (True, True)
09:40:58 -- OPEN   VALVE-H (Felix Inlet)
equilibrating for 30.0sec
set_time_zero () {}
sniff (30.0,) {}
py_sniff
build tables- sniff [Detector(H2), Detector(H1), Detector(AX), Detector(L1), Detector(L2(CDD))]
add group /sniff/Ar40 (Group) u'' table H2
add group /sniff/Ar39 (Group) u'' table H1
add group /sniff/Ar38 (Group) u'' table AX
add group /sniff/Ar37 (Group) u'' table L1
add group /sniff/Ar36 (Group) u'' table L2(CDD)
flush and close file /Users/obama/PychronDev/data/isotopes/12/d565ad-aa74-4942-8862-6e3387fa1013.h5
measuring sniff. ncounts=30.0
"sniff" increment series count="1" fit count="0" regressing="False"
starting measurement
09:41:24 -- collecting point 25
Equilibration Finished
09:41:29 -- ******* Equilibration Finished *******
checking ownership. requestor=129.138.12.137
check software interlocks H
interlocks []
actuate state mode=None-script, software_lock=False
doing actuation None-script close_channel True
Close H ===>> OK
GetIndicatorState H ===>> False
change switch state (True, True)
09:41:29 -- CLOSE  VALVE-H (Felix Inlet)
Post Equilibration Started felix_pump_extraction_line.py
09:41:29 -- ******* Post Equilibration Started felix_pump_extraction_line.py *******
testing...
no interpolation path defined
calculate duration
testing...
no interpolation path defined
executed snippet estimated_duration=4.0, duration=0.000300884246826
executed snippet estimated_duration=4.0, duration=0.0022029876709
Pump after analysis
doing GOSUB
testing...
no interpolation path defined
executed snippet estimated_duration=4.0, duration=0.000288963317871
Pump Bone
close () {'description': 'Felix Inlet'}
close name=--- desc=Felix Inlet
checking ownership. requestor=129.138.12.137
check software interlocks H
interlocks []
actuate state mode=None-script, software_lock=False
doing actuation None-script close_channel False
Close H ===>> OK
GetIndicatorState H ===>> False
change switch state (True, True)
09:41:29 -- CLOSE  VALVE-H (Felix Inlet)
-------------------------- close None (Felix Inlet) result=[(True, True)]
action=close, ok=True, locked=[False]
is_closed ('A',) {}
is A () closed?
is closed False
close () {'description': 'CO2 Laser to Bone'}
close name=--- desc=CO2 Laser to Bone
checking ownership. requestor=129.138.12.137
check software interlocks F
interlocks []
actuate state mode=None-script, software_lock=True
VALVE-F(CO2 Laser to Bone) software locked
change switch state (True, False)
-------------------------- close None (CO2 Laser to Bone) result=[(True, False)]
action=close, ok=True, locked=[True]
sleep (1,) {}
SLEEP 1.0
waiting for write to finish
measurement finished
estimated time: 31.457 actual time: :31.585
flush and close file /Users/obama/PychronDev/data/isotopes/12/d565ad-aa74-4942-8862-6e3387fa1013.h5
set_fits () {}
using default fits file=/Users/obama/PychronDev/scripts/measurement/fits/nominal.yaml
set "Ar40" to "('Parabolic', 'SEM')"
set "Ar36" to "('Parabolic', 'SEM')"
set "Ar37" to "('linear', 'SEM')"
set "Ar38" to "('linear', 'SEM')"
set "Ar39" to "('Parabolic', 'SEM')"
set_baseline_fits () {}
using default fits file=/Users/obama/PychronDev/scripts/measurement/fits/nominal.yaml
set "H2" to "('average', 'SEM')"
set "L2(CDD)" to "('average', 'SEM')"
set "L1" to "('average', 'SEM')"
set "AX" to "('average', 'SEM')"
set "H1" to "('average', 'SEM')"
multicollect () {'integration_time': 1.048576, 'ncounts': 400}
build tables- signal [Detector(H2), Detector(H1), Detector(AX), Detector(L1), Detector(L2(CDD))]
add group /signal/Ar40 (Group) u'' table H2
add group /signal/Ar39 (Group) u'' table H1
add group /signal/Ar38 (Group) u'' table AX
add group /signal/Ar37 (Group) u'' table L1
add group /signal/Ar36 (Group) u'' table L2(CDD)
flush and close file /Users/obama/PychronDev/data/isotopes/12/d565ad-aa74-4942-8862-6e3387fa1013.h5
measuring signal. ncounts=400
close () {'description': 'CO2 Laser to Roughing'}
close name=--- desc=CO2 Laser to Roughing
checking ownership. requestor=129.138.12.137
check software interlocks G
interlocks []
actuate state mode=None-script, software_lock=True
VALVE-G(CO2 Laser to Roughing) software locked
change switch state (True, False)
-------------------------- close None (CO2 Laser to Roughing) result=[(True, False)]
action=close, ok=True, locked=[True]
open () {'description': 'Bone to Turbo'}
open name=--- desc=Bone to Turbo
checking ownership. requestor=129.138.12.137
check software interlocks C
interlocks []
actuate state mode=None-script, software_lock=False
doing actuation None-script open_channel True
"signal" increment series count="2" fit count="1" regressing="True"
Open C ===>> OK
GetIndicatorState C ===>> OK
change switch state (True, True)
09:41:31 -- OPEN   VALVE-C (Bone to Turbo)
-------------------------- open None (Bone to Turbo) result=[(True, True)]
action=open, ok=True, locked=[False]
open () {'description': 'Bone to Getter GP-50'}
open name=--- desc=Bone to Getter GP-50
checking ownership. requestor=129.138.12.137
check software interlocks N
interlocks []
actuate state mode=None-script, software_lock=False
doing actuation None-script open_channel False
starting measurement
Open N ===>> OK
GetIndicatorState N ===>> OK
change switch state (True, True)
09:41:31 -- OPEN   VALVE-N (Bone to Getter GP-50)
-------------------------- open None (Bone to Getter GP-50) result=[(True, True)]
action=open, ok=True, locked=[False]
open () {'description': 'Bone to Diode Laser'}
open name=--- desc=Bone to Diode Laser
checking ownership. requestor=129.138.12.137
check software interlocks B
interlocks []
actuate state mode=None-script, software_lock=False
doing actuation None-script open_channel True
Open B ===>> OK
GetIndicatorState B ===>> OK
change switch state (True, True)
09:41:32 -- OPEN   VALVE-B (Bone to Diode Laser)
-------------------------- open None (Bone to Diode Laser) result=[(True, True)]
action=open, ok=True, locked=[False]
open () {'description': 'Bone to CO2 Laser'}
open name=--- desc=Bone to CO2 Laser
checking ownership. requestor=129.138.12.137
check software interlocks D
interlocks []
actuate state mode=None-script, software_lock=False
doing actuation None-script open_channel True
Open D ===>> OK
GetIndicatorState D ===>> OK
change switch state (True, True)
09:41:32 -- OPEN   VALVE-D (Bone to CO2 Laser)
-------------------------- open None (Bone to CO2 Laser) result=[(True, True)]
action=open, ok=True, locked=[False]
sleep (1,) {}
SLEEP 1.0
set_resource () {'name': 'CO2PumpTimeFlag', 'value': 30}
Set CO2PumpTimeFlag 30 ===>> OK
release ('FelixCO2Flag',) {}
release FelixCO2Flag
Set FelixCO2Flag 0 ===>> OK
executed snippet estimated_duration=6.0, duration=4.32106900215
PumpBone.py completed successfully
gosub finished
get_resource_value () {'name': 'FelixMiniboneFlag'}
Read FelixMiniboneFlag ===>> 1
Get Resource Value FelixMiniboneFlag=1.0
doing GOSUB
testing...
no interpolation path defined
executed snippet estimated_duration=0, duration=4.29153442383e-05
get_resource_value () {'name': 'FelixMiniboneFlag'}
Read FelixMiniboneFlag ===>> 1
Get Resource Value FelixMiniboneFlag=1.0
Pump minibone
open () {'description': 'Bone to Minibone'}
open name=--- desc=Bone to Minibone
checking ownership. requestor=129.138.12.137
check software interlocks E
interlocks []
actuate state mode=None-script, software_lock=False
doing actuation None-script open_channel False
Open E ===>> OK
GetIndicatorState E ===>> OK
change switch state (True, True)
09:41:33 -- OPEN   VALVE-E (Bone to Minibone)
-------------------------- open None (Bone to Minibone) result=[(True, True)]
action=open, ok=True, locked=[False]
open () {'description': 'Minibone to Turbo'}
open name=--- desc=Minibone to Turbo
checking ownership. requestor=129.138.12.137
check software interlocks P
interlocks []
actuate state mode=None-script, software_lock=False
doing actuation None-script open_channel True
Open P ===>> OK
GetIndicatorState P ===>> OK
change switch state (True, True)
09:41:34 -- OPEN   VALVE-P (Minibone to Turbo)
-------------------------- open None (Minibone to Turbo) result=[(True, True)]
action=open, ok=True, locked=[False]
open () {'description': 'Quad Inlet'}
open name=--- desc=Quad Inlet
checking ownership. requestor=129.138.12.137
check software interlocks Q
interlocks []
actuate state mode=None-script, software_lock=False
doing actuation None-script open_channel True
Open Q ===>> OK
GetIndicatorState Q ===>> OK
change switch state (True, True)
09:41:34 -- OPEN   VALVE-Q (Quad Inlet)
-------------------------- open None (Quad Inlet) result=[(True, True)]
action=open, ok=True, locked=[False]
close () {'description': 'Minibone to Bone'}
close name=--- desc=Minibone to Bone
checking ownership. requestor=129.138.12.137
check software interlocks I
interlocks []
actuate state mode=None-script, software_lock=False
doing actuation None-script close_channel True
Close I ===>> OK
GetIndicatorState I ===>> False
change switch state (True, True)
09:41:35 -- CLOSE  VALVE-I (Minibone to Bone)
-------------------------- close None (Minibone to Bone) result=[(True, True)]
action=close, ok=True, locked=[False]
set_resource () {'name': 'MinibonePumpTimeFlag', 'value': 30}
Set MinibonePumpTimeFlag 30 ===>> OK
release ('FelixMiniboneFlag',) {}
release FelixMiniboneFlag
Set FelixMiniboneFlag 0 ===>> OK
executed snippet estimated_duration=0, duration=2.08517718315
PumpMinibone.py completed successfully
gosub finished
executed snippet estimated_duration=4.0, duration=6.42198014259
felix_pump_extraction_line.py completed successfully
Post Equilibration Finished
09:41:35 -- ******* Post Equilibration Finished *******
GetDeflection L2 (CDD) ===>> 0
testing L2_CDD_==3250
evaluate ot="L2(CDD).deflection==3250" t="L2_CDD_==3250", ctx="{'L2_CDD_': 0.0}"
GetDeflection L2 (CDD) ===>> 0
testing L2_CDD_==3250
evaluate ot="L2(CDD).deflection==3250" t="L2_CDD_==3250", ctx="{'L2_CDD_': 0.0}"
09:41:56 -- collecting point 25
GetDeflection L2 (CDD) ===>> 0
testing L2_CDD_==3250
evaluate ot="L2(CDD).deflection==3250" t="L2_CDD_==3250", ctx="{'L2_CDD_': 0.0}"
GetDeflection L2 (CDD) ===>> 0
testing L2_CDD_==3250
evaluate ot="L2(CDD).deflection==3250" t="L2_CDD_==3250", ctx="{'L2_CDD_': 0.0}"
09:42:22 -- collecting point 50
GetDeflection L2 (CDD) ===>> 0
testing L2_CDD_==3250
evaluate ot="L2(CDD).deflection==3250" t="L2_CDD_==3250", ctx="{'L2_CDD_': 0.0}"
GetDeflection L2 (CDD) ===>> 0
testing L2_CDD_==3250
evaluate ot="L2(CDD).deflection==3250" t="L2_CDD_==3250", ctx="{'L2_CDD_': 0.0}"
GetDeflection L2 (CDD) ===>> 0
testing L2_CDD_==3250
evaluate ot="L2(CDD).deflection==3250" t="L2_CDD_==3250", ctx="{'L2_CDD_': 0.0}"
09:42:49 -- collecting point 75
GetDeflection L2 (CDD) ===>> 0
testing L2_CDD_==3250
evaluate ot="L2(CDD).deflection==3250" t="L2_CDD_==3250", ctx="{'L2_CDD_': 0.0}"
GetDeflection L2 (CDD) ===>> 0
testing L2_CDD_==3250
evaluate ot="L2(CDD).deflection==3250" t="L2_CDD_==3250", ctx="{'L2_CDD_': 0.0}"
09:43:15 -- collecting point 100
GetDeflection L2 (CDD) ===>> 0
testing L2_CDD_==3250
evaluate ot="L2(CDD).deflection==3250" t="L2_CDD_==3250", ctx="{'L2_CDD_': 0.0}"
GetDeflection L2 (CDD) ===>> 0
testing L2_CDD_==3250
evaluate ot="L2(CDD).deflection==3250" t="L2_CDD_==3250", ctx="{'L2_CDD_': 0.0}"
GetDeflection L2 (CDD) ===>> 0
testing L2_CDD_==3250
evaluate ot="L2(CDD).deflection==3250" t="L2_CDD_==3250", ctx="{'L2_CDD_': 0.0}"
09:43:41 -- collecting point 125
GetDeflection L2 (CDD) ===>> 0
testing L2_CDD_==3250
evaluate ot="L2(CDD).deflection==3250" t="L2_CDD_==3250", ctx="{'L2_CDD_': 0.0}"
GetDeflection L2 (CDD) ===>> 0
testing L2_CDD_==3250
evaluate ot="L2(CDD).deflection==3250" t="L2_CDD_==3250", ctx="{'L2_CDD_': 0.0}"
09:44:07 -- collecting point 150
GetDeflection L2 (CDD) ===>> 0
testing L2_CDD_==3250
evaluate ot="L2(CDD).deflection==3250" t="L2_CDD_==3250", ctx="{'L2_CDD_': 0.0}"
GetDeflection L2 (CDD) ===>> 0
testing L2_CDD_==3250
evaluate ot="L2(CDD).deflection==3250" t="L2_CDD_==3250", ctx="{'L2_CDD_': 0.0}"
GetDeflection L2 (CDD) ===>> 0
testing L2_CDD_==3250
evaluate ot="L2(CDD).deflection==3250" t="L2_CDD_==3250", ctx="{'L2_CDD_': 0.0}"
09:44:34 -- collecting point 175
GetDeflection L2 (CDD) ===>> 0
testing L2_CDD_==3250
evaluate ot="L2(CDD).deflection==3250" t="L2_CDD_==3250", ctx="{'L2_CDD_': 0.0}"
GetDeflection L2 (CDD) ===>> 0
testing L2_CDD_==3250
evaluate ot="L2(CDD).deflection==3250" t="L2_CDD_==3250", ctx="{'L2_CDD_': 0.0}"
09:45:00 -- collecting point 200
GetDeflection L2 (CDD) ===>> 0
testing L2_CDD_==3250
evaluate ot="L2(CDD).deflection==3250" t="L2_CDD_==3250", ctx="{'L2_CDD_': 0.0}"
GetDeflection L2 (CDD) ===>> 0
testing L2_CDD_==3250
evaluate ot="L2(CDD).deflection==3250" t="L2_CDD_==3250", ctx="{'L2_CDD_': 0.0}"
GetDeflection L2 (CDD) ===>> 0
testing L2_CDD_==3250
evaluate ot="L2(CDD).deflection==3250" t="L2_CDD_==3250", ctx="{'L2_CDD_': 0.0}"
09:45:26 -- collecting point 225
GetDeflection L2 (CDD) ===>> 0
testing L2_CDD_==3250
evaluate ot="L2(CDD).deflection==3250" t="L2_CDD_==3250", ctx="{'L2_CDD_': 0.0}"
GetDeflection L2 (CDD) ===>> 0
testing L2_CDD_==3250
evaluate ot="L2(CDD).deflection==3250" t="L2_CDD_==3250", ctx="{'L2_CDD_': 0.0}"
09:45:52 -- collecting point 250
GetDeflection L2 (CDD) ===>> 0
testing L2_CDD_==3250
evaluate ot="L2(CDD).deflection==3250" t="L2_CDD_==3250", ctx="{'L2_CDD_': 0.0}"
GetDeflection L2 (CDD) ===>> 0
testing L2_CDD_==3250
evaluate ot="L2(CDD).deflection==3250" t="L2_CDD_==3250", ctx="{'L2_CDD_': 0.0}"
GetDeflection L2 (CDD) ===>> 0
testing L2_CDD_==3250
evaluate ot="L2(CDD).deflection==3250" t="L2_CDD_==3250", ctx="{'L2_CDD_': 0.0}"
09:46:19 -- collecting point 275
GetDeflection L2 (CDD) ===>> 0
testing L2_CDD_==3250
evaluate ot="L2(CDD).deflection==3250" t="L2_CDD_==3250", ctx="{'L2_CDD_': 0.0}"
GetDeflection L2 (CDD) ===>> 0
testing L2_CDD_==3250
evaluate ot="L2(CDD).deflection==3250" t="L2_CDD_==3250", ctx="{'L2_CDD_': 0.0}"
09:46:45 -- collecting point 300
GetDeflection L2 (CDD) ===>> 0
testing L2_CDD_==3250
evaluate ot="L2(CDD).deflection==3250" t="L2_CDD_==3250", ctx="{'L2_CDD_': 0.0}"
GetDeflection L2 (CDD) ===>> 0
testing L2_CDD_==3250
evaluate ot="L2(CDD).deflection==3250" t="L2_CDD_==3250", ctx="{'L2_CDD_': 0.0}"
GetDeflection L2 (CDD) ===>> 0
testing L2_CDD_==3250
evaluate ot="L2(CDD).deflection==3250" t="L2_CDD_==3250", ctx="{'L2_CDD_': 0.0}"
09:47:11 -- collecting point 325
GetDeflection L2 (CDD) ===>> 0
testing L2_CDD_==3250
evaluate ot="L2(CDD).deflection==3250" t="L2_CDD_==3250", ctx="{'L2_CDD_': 0.0}"
GetDeflection L2 (CDD) ===>> 0
testing L2_CDD_==3250
evaluate ot="L2(CDD).deflection==3250" t="L2_CDD_==3250", ctx="{'L2_CDD_': 0.0}"
09:47:38 -- collecting point 350
GetDeflection L2 (CDD) ===>> 0
testing L2_CDD_==3250
evaluate ot="L2(CDD).deflection==3250" t="L2_CDD_==3250", ctx="{'L2_CDD_': 0.0}"
GetDeflection L2 (CDD) ===>> 0
testing L2_CDD_==3250
evaluate ot="L2(CDD).deflection==3250" t="L2_CDD_==3250", ctx="{'L2_CDD_': 0.0}"
GetDeflection L2 (CDD) ===>> 0
testing L2_CDD_==3250
evaluate ot="L2(CDD).deflection==3250" t="L2_CDD_==3250", ctx="{'L2_CDD_': 0.0}"
09:48:04 -- collecting point 375
GetDeflection L2 (CDD) ===>> 0
testing L2_CDD_==3250
evaluate ot="L2(CDD).deflection==3250" t="L2_CDD_==3250", ctx="{'L2_CDD_': 0.0}"
GetDeflection L2 (CDD) ===>> 0
testing L2_CDD_==3250
evaluate ot="L2(CDD).deflection==3250" t="L2_CDD_==3250", ctx="{'L2_CDD_': 0.0}"
09:48:30 -- collecting point 400
waiting for write to finish
measurement finished
estimated time: 419.430 actual time: :420.312
flush and close file /Users/obama/PychronDev/data/isotopes/12/d565ad-aa74-4942-8862-6e3387fa1013.h5
baselines () {'settling_time': 15.0, 'detector': 'H2', 'mass': 39.862, 'ncounts': 120}
%%%%%%%%%%%%%%%%%%%%%%%%%%%%%%%% Baseline
build tables- baseline [Detector(H2), Detector(H1), Detector(AX), Detector(L1), Detector(L2(CDD))]
add group baseline table H2
add group baseline table H1
add group baseline table AX
add group baseline table L1
add group baseline table L2(CDD)
flush and close file /Users/obama/PychronDev/data/isotopes/12/d565ad-aa74-4942-8862-6e3387fa1013.h5
detector Detector(H2)
POSITION 39.862 H2
Mapping mass to dac mass func: "parabolic"
H2 map mass coeffs = [ -2.56720193e-04   9.47812314e-02   3.89784975e-01]
H2 map mass to dac 39.862 >> 3.76003141492
GetHighVoltage ===>> 9900
positioning 39.862 (3.76003141492) on H2
setting magnet DAC
current  : 3.767490
requested: 3.760031
Delta Dac: 0.007459
Checking detector protection. dv=0.00746
SetMagnetDAC 3.76003141492 ===>> OK
Magnet settling time: 0.500 0.500
Magnet settling complete
set_dac. change=True
Delaying 15.0s for detectors to settle
Join finished
measuring baseline. ncounts=120
"baseline" increment series count="2" fit count="1" regressing="True"
starting measurement
GetDeflection L2 (CDD) ===>> 0
testing L2_CDD_==3250
evaluate ot="L2(CDD).deflection==3250" t="L2_CDD_==3250", ctx="{'L2_CDD_': 0.0}"
GetDeflection L2 (CDD) ===>> 0
testing L2_CDD_==3250
evaluate ot="L2(CDD).deflection==3250" t="L2_CDD_==3250", ctx="{'L2_CDD_': 0.0}"
09:49:13 -- collecting point 25
GetDeflection L2 (CDD) ===>> 0
testing L2_CDD_==3250
evaluate ot="L2(CDD).deflection==3250" t="L2_CDD_==3250", ctx="{'L2_CDD_': 0.0}"
GetDeflection L2 (CDD) ===>> 0
testing L2_CDD_==3250
evaluate ot="L2(CDD).deflection==3250" t="L2_CDD_==3250", ctx="{'L2_CDD_': 0.0}"
09:49:39 -- collecting point 50
GetDeflection L2 (CDD) ===>> 0
testing L2_CDD_==3250
evaluate ot="L2(CDD).deflection==3250" t="L2_CDD_==3250", ctx="{'L2_CDD_': 0.0}"
GetDeflection L2 (CDD) ===>> 0
testing L2_CDD_==3250
evaluate ot="L2(CDD).deflection==3250" t="L2_CDD_==3250", ctx="{'L2_CDD_': 0.0}"
GetDeflection L2 (CDD) ===>> 0
testing L2_CDD_==3250
evaluate ot="L2(CDD).deflection==3250" t="L2_CDD_==3250", ctx="{'L2_CDD_': 0.0}"
09:50:05 -- collecting point 75
GetDeflection L2 (CDD) ===>> 0
testing L2_CDD_==3250
evaluate ot="L2(CDD).deflection==3250" t="L2_CDD_==3250", ctx="{'L2_CDD_': 0.0}"
GetDeflection L2 (CDD) ===>> 0
testing L2_CDD_==3250
evaluate ot="L2(CDD).deflection==3250" t="L2_CDD_==3250", ctx="{'L2_CDD_': 0.0}"
09:50:31 -- collecting point 100
GetDeflection L2 (CDD) ===>> 0
testing L2_CDD_==3250
evaluate ot="L2(CDD).deflection==3250" t="L2_CDD_==3250", ctx="{'L2_CDD_': 0.0}"
GetDeflection L2 (CDD) ===>> 0
testing L2_CDD_==3250
evaluate ot="L2(CDD).deflection==3250" t="L2_CDD_==3250", ctx="{'L2_CDD_': 0.0}"
waiting for write to finish
measurement finished
estimated time: 125.829 actual time: :126.221
flush and close file /Users/obama/PychronDev/data/isotopes/12/d565ad-aa74-4942-8862-6e3387fa1013.h5
activate_detectors ('H2', 'L2(CDD)') {'peak_center': True}
peak_center () {'detector': 'L2(CDD)', 'config_name': 'CDD_on_36', 'integration_time': 1.048576, 'isotope': 'Ar36'}
peak center: mean=1.13900156855 threshold=1.0
peak center started
setup peak center. detector=['L2(CDD)', 'H2'], isotope=Ar36
VersionedUnpickler [<apptools.sweet_pickle.versioned_unpickler.VersionedUnpickler object at 0x1271a3170>] using Updater [<apptools.sweet_pickle.updater.Updater object at 0x125d30dd0>]
setting integration time = 0.524288
SetIntegrationTime 0.524288 ===>> OK
Mapping mass to dac mass func: "parabolic"
L2(CDD) map mass coeffs = [ -3.27842094e-04   1.07025236e-01   3.42056374e-01]
L2(CDD) map mass to dac 35.9675 >> 3.76737
GetDeflection L2 (CDD) ===>> 0
GetHighVoltage ===>> 9900
do peak center. <pychron.spectrometer.jobs.peak_center.PeakCenter object at 0x126b070b0>
doing pc
starting peak center. center dac= 3.76737 step_width=3e-05
width = 3e-05
get scan parameters. half-width=0.001,window=0.001, i=0, scalar=1
Scan parameters center=3.76737 width=0.00200 (3.76637 - 3.76837)
Moving to starting dac 3.76637
setting magnet DAC
current  : 3.760031
requested: 3.766370
Delta Dac: 0.006339
Checking detector protection. dv=0.00634
SetMagnetDAC 3.76637 ===>> OK
Magnet settling time: 0.500 0.500
Magnet settling complete
set_dac. change=True
Wait until signal near baseline. tol= 0.0. timeout= 10
Peak center failed to move to a baseline position
_do_sweep sm= 3.76637, em= 3.76837, stm= 3e-05
calculated step values: start=3.76637, end=3.76837, width=3e-05, nsteps=67.6666666667
setting magnet DAC
current  : 3.766370
requested: 3.766370
Delta Dac: 0.000000
Checking detector protection. dv=0.00000
set_dac. change=False
setting magnet DAC
current  : 3.766370
requested: 3.766400
Delta Dac: 0.000030
Checking detector protection. dv=0.00003
Magnet settling time: 1.049 0.500
Magnet settling complete
set_dac. change=True
setting magnet DAC
current  : 3.766400
requested: 3.766431
Delta Dac: 0.000030
Checking detector protection. dv=0.00003
Magnet settling time: 1.049 0.500
Magnet settling complete
set_dac. change=True
setting magnet DAC
current  : 3.766431
requested: 3.766461
Delta Dac: 0.000030
Checking detector protection. dv=0.00003
Magnet settling time: 1.049 0.500
Magnet settling complete
set_dac. change=True
setting magnet DAC
current  : 3.766461
requested: 3.766491
Delta Dac: 0.000030
Checking detector protection. dv=0.00003
Magnet settling time: 1.049 0.500
Magnet settling complete
set_dac. change=True
setting magnet DAC
current  : 3.766491
requested: 3.766522
Delta Dac: 0.000030
Checking detector protection. dv=0.00003
Magnet settling time: 1.049 0.500
Magnet settling complete
set_dac. change=True
setting magnet DAC
current  : 3.766522
requested: 3.766552
Delta Dac: 0.000030
Checking detector protection. dv=0.00003
Magnet settling time: 1.049 0.500
Magnet settling complete
set_dac. change=True
setting magnet DAC
current  : 3.766552
requested: 3.766582
Delta Dac: 0.000030
Checking detector protection. dv=0.00003
Magnet settling time: 1.049 0.500
Magnet settling complete
set_dac. change=True
setting magnet DAC
current  : 3.766582
requested: 3.766612
Delta Dac: 0.000030
Checking detector protection. dv=0.00003
Magnet settling time: 1.049 0.500
Magnet settling complete
set_dac. change=True
setting magnet DAC
current  : 3.766612
requested: 3.766643
Delta Dac: 0.000030
Checking detector protection. dv=0.00003
Magnet settling time: 1.049 0.500
Magnet settling complete
set_dac. change=True
setting magnet DAC
current  : 3.766643
requested: 3.766673
Delta Dac: 0.000030
Checking detector protection. dv=0.00003
Magnet settling time: 1.049 0.500
Magnet settling complete
set_dac. change=True
setting magnet DAC
current  : 3.766673
requested: 3.766703
Delta Dac: 0.000030
Checking detector protection. dv=0.00003
Magnet settling time: 1.049 0.500
Magnet settling complete
set_dac. change=True
setting magnet DAC
current  : 3.766703
requested: 3.766734
Delta Dac: 0.000030
Checking detector protection. dv=0.00003
Magnet settling time: 1.049 0.500
Magnet settling complete
set_dac. change=True
setting magnet DAC
current  : 3.766734
requested: 3.766764
Delta Dac: 0.000030
Checking detector protection. dv=0.00003
Magnet settling time: 1.049 0.500
Magnet settling complete
set_dac. change=True
setting magnet DAC
current  : 3.766764
requested: 3.766794
Delta Dac: 0.000030
Checking detector protection. dv=0.00003
Magnet settling time: 1.049 0.500
Magnet settling complete
set_dac. change=True
setting magnet DAC
current  : 3.766794
requested: 3.766825
Delta Dac: 0.000030
Checking detector protection. dv=0.00003
Magnet settling time: 1.049 0.500
Magnet settling complete
set_dac. change=True
setting magnet DAC
current  : 3.766825
requested: 3.766855
Delta Dac: 0.000030
Checking detector protection. dv=0.00003
Magnet settling time: 1.049 0.500
Magnet settling complete
set_dac. change=True
setting magnet DAC
current  : 3.766855
requested: 3.766885
Delta Dac: 0.000030
Checking detector protection. dv=0.00003
Magnet settling time: 1.049 0.500
Magnet settling complete
set_dac. change=True
setting magnet DAC
current  : 3.766885
requested: 3.766915
Delta Dac: 0.000030
Checking detector protection. dv=0.00003
Magnet settling time: 1.049 0.500
Magnet settling complete
set_dac. change=True
setting magnet DAC
current  : 3.766915
requested: 3.766946
Delta Dac: 0.000030
Checking detector protection. dv=0.00003
Magnet settling time: 1.049 0.500
Magnet settling complete
set_dac. change=True
setting magnet DAC
current  : 3.766946
requested: 3.766976
Delta Dac: 0.000030
Checking detector protection. dv=0.00003
Magnet settling time: 1.049 0.500
Magnet settling complete
set_dac. change=True
setting magnet DAC
current  : 3.766976
requested: 3.767006
Delta Dac: 0.000030
Checking detector protection. dv=0.00003
Magnet settling time: 1.049 0.500
Magnet settling complete
set_dac. change=True
setting magnet DAC
current  : 3.767006
requested: 3.767037
Delta Dac: 0.000030
Checking detector protection. dv=0.00003
Magnet settling time: 1.049 0.500
Magnet settling complete
set_dac. change=True
setting magnet DAC
current  : 3.767037
requested: 3.767067
Delta Dac: 0.000030
Checking detector protection. dv=0.00003
Magnet settling time: 1.049 0.500
Magnet settling complete
set_dac. change=True
setting magnet DAC
current  : 3.767067
requested: 3.767097
Delta Dac: 0.000030
Checking detector protection. dv=0.00003
Magnet settling time: 1.049 0.500
Magnet settling complete
set_dac. change=True
setting magnet DAC
current  : 3.767097
requested: 3.767128
Delta Dac: 0.000030
Checking detector protection. dv=0.00003
Magnet settling time: 1.049 0.500
Magnet settling complete
set_dac. change=True
setting magnet DAC
current  : 3.767128
requested: 3.767158
Delta Dac: 0.000030
Checking detector protection. dv=0.00003
Magnet settling time: 1.049 0.500
Magnet settling complete
set_dac. change=True
setting magnet DAC
current  : 3.767158
requested: 3.767188
Delta Dac: 0.000030
Checking detector protection. dv=0.00003
Magnet settling time: 1.049 0.500
Magnet settling complete
set_dac. change=True
setting magnet DAC
current  : 3.767188
requested: 3.767218
Delta Dac: 0.000030
Checking detector protection. dv=0.00003
Magnet settling time: 1.049 0.500
Magnet settling complete
set_dac. change=True
setting magnet DAC
current  : 3.767218
requested: 3.767249
Delta Dac: 0.000030
Checking detector protection. dv=0.00003
Magnet settling time: 1.049 0.500
Magnet settling complete
set_dac. change=True
setting magnet DAC
current  : 3.767249
requested: 3.767279
Delta Dac: 0.000030
Checking detector protection. dv=0.00003
Magnet settling time: 1.049 0.500
Magnet settling complete
set_dac. change=True
setting magnet DAC
current  : 3.767279
requested: 3.767309
Delta Dac: 0.000030
Checking detector protection. dv=0.00003
Magnet settling time: 1.049 0.500
Magnet settling complete
set_dac. change=True
setting magnet DAC
current  : 3.767309
requested: 3.767340
Delta Dac: 0.000030
Checking detector protection. dv=0.00003
Magnet settling time: 1.049 0.500
Magnet settling complete
set_dac. change=True
setting magnet DAC
current  : 3.767340
requested: 3.767370
Delta Dac: 0.000030
Checking detector protection. dv=0.00003
Magnet settling time: 1.049 0.500
Magnet settling complete
set_dac. change=True
setting magnet DAC
current  : 3.767370
requested: 3.767400
Delta Dac: 0.000030
Checking detector protection. dv=0.00003
Magnet settling time: 1.049 0.500
Magnet settling complete
set_dac. change=True
setting magnet DAC
current  : 3.767400
requested: 3.767431
Delta Dac: 0.000030
Checking detector protection. dv=0.00003
Magnet settling time: 1.049 0.500
Magnet settling complete
set_dac. change=True
setting magnet DAC
current  : 3.767431
requested: 3.767461
Delta Dac: 0.000030
Checking detector protection. dv=0.00003
Magnet settling time: 1.049 0.500
Magnet settling complete
set_dac. change=True
setting magnet DAC
current  : 3.767461
requested: 3.767491
Delta Dac: 0.000030
Checking detector protection. dv=0.00003
Magnet settling time: 1.049 0.500
Magnet settling complete
set_dac. change=True
setting magnet DAC
current  : 3.767491
requested: 3.767522
Delta Dac: 0.000030
Checking detector protection. dv=0.00003
Magnet settling time: 1.049 0.500
Magnet settling complete
set_dac. change=True
setting magnet DAC
current  : 3.767522
requested: 3.767552
Delta Dac: 0.000030
Checking detector protection. dv=0.00003
Magnet settling time: 1.049 0.500
Magnet settling complete
set_dac. change=True
setting magnet DAC
current  : 3.767552
requested: 3.767582
Delta Dac: 0.000030
Checking detector protection. dv=0.00003
Magnet settling time: 1.049 0.500
Magnet settling complete
set_dac. change=True
setting magnet DAC
current  : 3.767582
requested: 3.767612
Delta Dac: 0.000030
Checking detector protection. dv=0.00003
Magnet settling time: 1.049 0.500
Magnet settling complete
set_dac. change=True
setting magnet DAC
current  : 3.767612
requested: 3.767643
Delta Dac: 0.000030
Checking detector protection. dv=0.00003
Magnet settling time: 1.049 0.500
Magnet settling complete
set_dac. change=True
setting magnet DAC
current  : 3.767643
requested: 3.767673
Delta Dac: 0.000030
Checking detector protection. dv=0.00003
Magnet settling time: 1.049 0.500
Magnet settling complete
set_dac. change=True
setting magnet DAC
current  : 3.767673
requested: 3.767703
Delta Dac: 0.000030
Checking detector protection. dv=0.00003
Magnet settling time: 1.049 0.500
Magnet settling complete
set_dac. change=True
setting magnet DAC
current  : 3.767703
requested: 3.767734
Delta Dac: 0.000030
Checking detector protection. dv=0.00003
Magnet settling time: 1.049 0.500
Magnet settling complete
set_dac. change=True
setting magnet DAC
current  : 3.767734
requested: 3.767764
Delta Dac: 0.000030
Checking detector protection. dv=0.00003
Magnet settling time: 1.049 0.500
Magnet settling complete
set_dac. change=True
setting magnet DAC
current  : 3.767764
requested: 3.767794
Delta Dac: 0.000030
Checking detector protection. dv=0.00003
Magnet settling time: 1.049 0.500
Magnet settling complete
set_dac. change=True
setting magnet DAC
current  : 3.767794
requested: 3.767825
Delta Dac: 0.000030
Checking detector protection. dv=0.00003
Magnet settling time: 1.049 0.500
Magnet settling complete
set_dac. change=True
setting magnet DAC
current  : 3.767825
requested: 3.767855
Delta Dac: 0.000030
Checking detector protection. dv=0.00003
Magnet settling time: 1.049 0.500
Magnet settling complete
set_dac. change=True
setting magnet DAC
current  : 3.767855
requested: 3.767885
Delta Dac: 0.000030
Checking detector protection. dv=0.00003
Magnet settling time: 1.049 0.500
Magnet settling complete
set_dac. change=True
setting magnet DAC
current  : 3.767885
requested: 3.767915
Delta Dac: 0.000030
Checking detector protection. dv=0.00003
Magnet settling time: 1.049 0.500
Magnet settling complete
set_dac. change=True
setting magnet DAC
current  : 3.767915
requested: 3.767946
Delta Dac: 0.000030
Checking detector protection. dv=0.00003
Magnet settling time: 1.049 0.500
Magnet settling complete
set_dac. change=True
setting magnet DAC
current  : 3.767946
requested: 3.767976
Delta Dac: 0.000030
Checking detector protection. dv=0.00003
Magnet settling time: 1.049 0.500
Magnet settling complete
set_dac. change=True
setting magnet DAC
current  : 3.767976
requested: 3.768006
Delta Dac: 0.000030
Checking detector protection. dv=0.00003
Magnet settling time: 1.049 0.500
Magnet settling complete
set_dac. change=True
setting magnet DAC
current  : 3.768006
requested: 3.768037
Delta Dac: 0.000030
Checking detector protection. dv=0.00003
Magnet settling time: 1.049 0.500
Magnet settling complete
set_dac. change=True
setting magnet DAC
current  : 3.768037
requested: 3.768067
Delta Dac: 0.000030
Checking detector protection. dv=0.00003
Magnet settling time: 1.049 0.500
Magnet settling complete
set_dac. change=True
setting magnet DAC
current  : 3.768067
requested: 3.768097
Delta Dac: 0.000030
Checking detector protection. dv=0.00003
Magnet settling time: 1.049 0.500
Magnet settling complete
set_dac. change=True
setting magnet DAC
current  : 3.768097
requested: 3.768128
Delta Dac: 0.000030
Checking detector protection. dv=0.00003
Magnet settling time: 1.049 0.500
Magnet settling complete
set_dac. change=True
setting magnet DAC
current  : 3.768128
requested: 3.768158
Delta Dac: 0.000030
Checking detector protection. dv=0.00003
Magnet settling time: 1.049 0.500
Magnet settling complete
set_dac. change=True
setting magnet DAC
current  : 3.768158
requested: 3.768188
Delta Dac: 0.000030
Checking detector protection. dv=0.00003
Magnet settling time: 1.049 0.500
Magnet settling complete
set_dac. change=True
setting magnet DAC
current  : 3.768188
requested: 3.768218
Delta Dac: 0.000030
Checking detector protection. dv=0.00003
Magnet settling time: 1.049 0.500
Magnet settling complete
set_dac. change=True
setting magnet DAC
current  : 3.768218
requested: 3.768249
Delta Dac: 0.000030
Checking detector protection. dv=0.00003
Magnet settling time: 1.049 0.500
Magnet settling complete
set_dac. change=True
setting magnet DAC
current  : 3.768249
requested: 3.768279
Delta Dac: 0.000030
Checking detector protection. dv=0.00003
Magnet settling time: 1.049 0.500
Magnet settling complete
set_dac. change=True
setting magnet DAC
current  : 3.768279
requested: 3.768309
Delta Dac: 0.000030
Checking detector protection. dv=0.00003
Magnet settling time: 1.049 0.500
Magnet settling complete
set_dac. change=True
setting magnet DAC
current  : 3.768309
requested: 3.768340
Delta Dac: 0.000030
Checking detector protection. dv=0.00003
Magnet settling time: 1.049 0.500
Magnet settling complete
set_dac. change=True
setting magnet DAC
current  : 3.768340
requested: 3.768370
Delta Dac: 0.000030
Checking detector protection. dv=0.00003
Magnet settling time: 1.049 0.500
Magnet settling complete
set_dac. change=True
result of _do_sweep=True
result of _calculate_peak_center=([3.7669331262525056, 3.7673599799599202, 3.7677868336673352], [0.83315172813673022, 1.1322120211705275, 0.84364005193666824], 3.7673720040080165, 1.1322120211705275)
Failed to find a valid peak. peak not well centered, len(x)=500, len(y)=500, i=499
new center pos Detector(L2(CDD)) (Ar36) @ 3.76735997996
GetHighVoltage ===>> 9900
GetDeflection L2 (CDD) ===>> 0
dac uncorrected for HV and deflection 3.76735997996
update mftable L2(CDD) Ar36 3.76735997996 message=automated run peakcenter
get initial guess parabolic
get initial guess parabolic
get initial guess parabolic
get initial guess parabolic
get initial guess parabolic
get initial guess parabolic
dump mftable to /Users/obama/PychronDev/setupfiles/spectrometer/mftables/argon.csv
add to repo msg=modified - automated run peakcenter
sweep finished
locally archiving mftable
setting magnet DAC
current  : 3.768370
requested: 3.767360
Delta Dac: 0.001010
Checking detector protection. dv=0.00101
SetMagnetDAC 3.76735997996 ===>> OK
Magnet settling time: 0.500 0.500
Magnet settling complete
set_dac. change=True
setting integration time = 1.048576
SetIntegrationTime 1.048576 ===>> OK
Failed to find a valid peak. peak not well centered, len(x)=500, len(y)=500, i=499
flush and close file /Users/obama/PychronDev/data/isotopes/12/d565ad-aa74-4942-8862-6e3387fa1013.h5
finished measure script
executed snippet estimated_duration=590.4304, duration=685.391693115
felix_analysis400_120_CDD_center.py completed successfully
Measurement Finished
09:52:19 -- ******* Measurement Finished *******
Post Measurement Started felix_pump_ms.py
09:52:19 -- ******* Post Measurement Started felix_pump_ms.py *******
testing...
no interpolation path defined
executed snippet estimated_duration=0, duration=4.31537628174e-05
Pumping spectrometer
open () {'name': 'V'}
open name=V desc=---
checking ownership. requestor=129.138.12.137
check software interlocks V
interlocks []
actuate state mode=None-script, software_lock=False
doing actuation None-script open_channel True
Open V ===>> OK
GetIndicatorState V ===>> OK
change switch state (True, True)
09:52:19 -- OPEN   VALVE-V (Felix Ion Pump)
-------------------------- open V () result=[(True, True)]
action=open, ok=True, locked=[False]
executed snippet estimated_duration=0, duration=0.379362106323
felix_pump_ms.py completed successfully
setting _ms_pumptime
Post Measurement Finished
09:52:20 -- ******* Post Measurement Finished *******
$$$$$$$$$$$$$$$$$$$$ state at run end measurement
state changed from measurement to success
post measurement save measured=True aborted=False
Set filtering
setting fod for Ar40= {'filter_outliers': True, 'std_devs': 2, 'iterations': 2}
setting fod for H2= {'filter_outliers': True, 'std_devs': 2, 'iterations': 1}
setting fod for Ar36= {'filter_outliers': True, 'std_devs': 2, 'iterations': 2}
setting fod for L2(CDD)= {'filter_outliers': True, 'std_devs': 2, 'iterations': 1}
setting fod for Ar37= {'filter_outliers': True, 'std_devs': 2, 'iterations': 2}
setting fod for L1= {'filter_outliers': True, 'std_devs': 2, 'iterations': 1}
setting fod for Ar38= {'filter_outliers': True, 'std_devs': 2, 'iterations': 2}
setting fod for AX= {'filter_outliers': True, 'std_devs': 2, 'iterations': 1}
setting fod for Ar39= {'filter_outliers': True, 'std_devs': 2, 'iterations': 2}
setting fod for H1= {'filter_outliers': True, 'std_devs': 2, 'iterations': 1}
not connected to db mysql://felixexp@129.138.12.160/labspy
Enviromentals: {'lab_humiditys': [{'device': 'EnvironmentalMonitor',
                    'name': 'Lab Hum.',
                    'pub_date': '2017-09-23T09:05:47',
                    'title': 'iServer Hum.',
                    'value': 38.0}],
 'lab_pneumatics': [{'device': 'AirPressure',
                     'name': 'Pressure',
                     'pub_date': '2017-09-23T09:51:18',
                     'title': None,
                     'value': 85.05},
                    {'device': 'AirPressure2',
                     'name': 'Pressure2',
                     'pub_date': '2017-09-23T09:51:23',
                     'title': None,
                     'value': 85.27636}],
 'lab_temperatures': [{'device': 'Coldfinger',
                       'name': 'ColdFinger Temp.',
                       'pub_date': '2017-09-23T09:51:22',
                       'title': None,
                       'value': -78.0},
                      {'device': 'EnvironmentalMonitor',
                       'name': 'Lab Temp.',
                       'pub_date': '2017-09-23T09:35:12',
                       'title': 'iServer Temp.',
                       'value': 71.2},
                      {'device': 'Chiller',
                       'name': 'Coolant Temp.',
                       'pub_date': '2017-09-23T09:31:50',
                       'title': None,
                       'value': 18.0}]}
persistence save...
persistence save - db
post measurement save
4929871952 connecting to database sqlite://@/
connected to db sqlite://@/
create new session 4929871952
close session 4929871952
No database instance. Not saving post measurement to isotopedb database
$$$$$$$$$$$$$$$ auto_save_detector_ic=False
massspec enabled True
create new session 4806175536
MassSpec Database Version: 16.0
close session 4806175536
saving post measurement to secondary database
saving to massspec database 129.138.12.160/massspecdata
setting labnumber to a-01-F
setting aliquot to 2417
setting step to 
setting uuid to 12d565ad-aa74-4942-8862-6e3387fa1013
setting irradpos to a-01-F
setting extract_device to NMGRL Furnace
setting tray to 
setting position to 
setting power_requested to 0.0
setting extract_value to 0.0
setting duration to 0.0
setting duration_at_request to 0.0
setting first_stage_delay to 0.0
setting cleanup to 0.0
setting comment to 
setting irradiation to NoIrradiation
setting level to A
setting irradiation_level to A
setting sample to air
setting material to Gas
setting project to REFERENCES
setting mass_spectrometer to Felix
no attribute chron_dosages
no attribute production_ratios
no attribute interference_corrections
no attribute production_name
no attribute j
Reference Isotope=Ar40
Reference Detector=H2
%%%%%%%%%%%%%%%%%%%% Comment:  %%%%%%%%%%%%%%%%%%%
adding isotope Ar40 H2
add baseline dbdet= Ar40. original det= H2
get baseline data Ar40 H2
Get data baseline <pychron.processing.isotope.Baseline object at 0x12550f450> len t=120
baseline Ar40. v=0.0507592640255, e=0.00906532338873
get signal data Ar40 H2
Get data signal Ar40 361.92+/-0.04 len t=400
adding isotope Ar39 H1
add baseline dbdet= Ar39. original det= H1
get baseline data Ar39 H1
Get data baseline <pychron.processing.isotope.Baseline object at 0x12550f610> len t=120
baseline Ar39. v=-0.0562454946731, e=0.00981368879237
get signal data Ar39 H1
Get data signal Ar39 -0.013+/-0.025 len t=400
adding isotope Ar38 AX
add baseline dbdet= Ar38. original det= AX
get baseline data Ar38 AX
Get data baseline <pychron.processing.isotope.Baseline object at 0x12550f7d0> len t=120
baseline Ar38. v=-0.0876232380785, e=0.0114853891846
get signal data Ar38 AX
Get data signal Ar38 0.205+/-0.012 len t=400
adding isotope Ar37 L1
add baseline dbdet= Ar37. original det= L1
get baseline data Ar37 L1
Get data baseline <pychron.processing.isotope.Baseline object at 0x12550f990> len t=120
baseline Ar37. v=-0.725323101936, e=0.00921336111164
get signal data Ar37 L1
Get data signal Ar37 0.011+/-0.013 len t=400
adding isotope Ar36 L2(CDD)
add baseline dbdet= Ar36. original det= L2(CDD)
get baseline data Ar36 L2(CDD)
Get data baseline <pychron.processing.isotope.Baseline object at 0x12550fb50> len t=120
baseline Ar36. v=0.0, e=0.0
get signal data Ar36 L2(CDD)
Get data signal Ar36 1.2085+/-0.0025 len t=400
a-01-F-2417 added analysis time 0.68375992775s
analysis added to mass spec database
mass spec save time= 0.712
persistence save - dvc
================= post measurement started
create new session 4716155632
close session 4716155632
---------------- Experiment Queue saving disabled
DVC saving peakcenter
Failed to find a valid peak. peak not well centered, len(x)=500, len(y)=500, i=499
Smart pull ahead: 0 behind: 0
Up-to-date with origin
add to repo msg=modified - 44c6f8761147de90179e8a3952e48831c78a9a46.json
add to repo msg=modified - -F-2417.json
add to repo msg=modified - -F-2417.dat.json
add to repo msg=modified - -F-2417.blan.json
add to repo msg=modified - -F-2417.inte.json
add to repo msg=modified - -F-2417.icfa.json
add to repo msg=modified - -F-2417.base.json
not at valid file /Users/obama/PychronDev/data/.dvc/repositories/Felix_air171/a-01/tags/-F-2417.tags.json
add to repo msg=modified - -F-2417.peak.json
add to repo msg=modified - -F-2417.extr.json
not at valid file /Users/obama/PychronDev/data/.dvc/repositories/Felix_air171/a-01/monitor/-F-2417.moni.json
commit message=<COLLECTION>
add to repo msg=modified - -F-2417.inte.json
add to repo msg=modified - -F-2417.base.json
commit message=<ISOEVO> default collection fits
add to repo msg=modified - -F-2417.blan.json
commit message=<BLANKS> preceding 
add to repo msg=modified - -F-2417.icfa.json
commit message=<ICFactor> default
push repository <pychron.git_archive.repo_manager.GitRepoManager object at 0x1258fe410>
pushing to remote=origin, url=https://github.com
no changes to meta repo
create new session 4716155632
add association Felix_air171
get identifier "a-01-F"
setting analysis irradiation position=<pychron.dvc.dvc_orm.IrradiationPositionTbl object at 0x1271fc150>
close session 4716155632
================= post measurement finished
09:52:35 -- ******* Post Run Check *******
loading queue conditionals post_run_actions
loading system conditionals post_run_actions
loading conditionals from /Users/obama/PychronDev/setupfiles/spectrometer/default_conditionals.yaml
loading queue conditionals post_run_terminations
loading system conditionals post_run_terminations
loading conditionals from /Users/obama/PychronDev/setupfiles/spectrometer/default_conditionals.yaml
Checking default post run terminations n=1
GetDeflection L2 (CDD) ===>> 0
testing L2_CDD_==3250
evaluate ot="L2(CDD).deflection==3250" t="L2_CDD_==3250", ctx="{'L2_CDD_': 0.0}"
09:52:36 -- ******* Post Run Check Passed *******
09:52:36 -- Automated run a-01-F-2417 success duration: 814.233 s
----------------- finish -----------------
----------------- stop -----------------
retroactive repository identifiers disabled
finish run. runs completed=3
update duration runid=a-01-F-2417, duration=814.232635975, md5=da5bc57b
loading script "felix_analysis400_120_no_save_center.py"
loading script "felix_pump_ms.py"
loading script "felix_furnace.py"
loading script "felix_pump_extraction_line.py"
testing...
no interpolation path defined
executed snippet estimated_duration=559.2304, duration=0.00045919418335
script duration name:analysis400_120_no_save_center seconds:559.0
loading script "felix_analysis400_120_no_save_center.py"
loading script "felix_pump_ms.py"
loading script "felix_furnace.py"
loading script "felix_pump_extraction_line.py"
testing...
no interpolation path defined
executed snippet estimated_duration=0, duration=5.10215759277e-05
loading script "felix_analysis400_120_no_save_center.py"
loading script "felix_pump_ms.py"
loading script "felix_furnace.py"
loading script "felix_pump_extraction_line.py"
testing...
no interpolation path defined
executed snippet estimated_duration=184.0, duration=0.000458955764771
script duration name:furnace seconds:184.0
loading script "felix_analysis400_120_no_save_center.py"
loading script "felix_pump_ms.py"
loading script "felix_furnace.py"
loading script "felix_pump_extraction_line.py"
testing...
no interpolation path defined
calculate duration
testing...
no interpolation path defined
executed snippet estimated_duration=4.0, duration=0.000278949737549
executed snippet estimated_duration=4.0, duration=0.00604701042175
Script duration 743.0
Run total estimated duration= 744.000
analysis400_120_no_save_center in script context. using previous estimated duration
script duration name:analysis400_120_no_save_center seconds:559.0
pump_ms in script context. using previous estimated duration
furnace in script context. using previous estimated duration
script duration name:furnace seconds:184.0
pump_extraction_line in script context. using previous estimated duration
Script duration 743.0
Run total estimated duration= 744.000
script duration name:analysis400_120_no_save_center seconds:559.0
script duration name:furnace seconds:184.0
Script duration 743.0
Run total estimated duration= 744.000
script duration name:analysis400_120_no_save_center seconds:559.0
script duration name:furnace seconds:184.0
Script duration 743.0
Run total estimated duration= 744.000
script duration name:analysis400_120_no_save_center seconds:559.0
script duration name:furnace seconds:184.0
Script duration 743.0
Run total estimated duration= 744.000
script duration name:analysis400_120_no_save_center seconds:559.0
script duration name:furnace seconds:184.0
Script duration 743.0
Run total estimated duration= 744.000
script duration name:analysis400_120_no_save_center seconds:559.0
script duration name:furnace seconds:184.0
Script duration 743.0
Run total estimated duration= 744.000
script duration name:analysis400_120_no_save_center seconds:559.0
script duration name:furnace seconds:184.0
Script duration 743.0
Run total estimated duration= 744.000
script duration name:analysis400_120_no_save_center seconds:559.0
script duration name:furnace seconds:184.0
Script duration 743.0
Run total estimated duration= 744.000
script duration name:analysis400_120_no_save_center seconds:559.0
script duration name:furnace seconds:184.0
Script duration 743.0
Run total estimated duration= 744.000
script duration name:analysis400_120_no_save_center seconds:559.0
script duration name:furnace seconds:184.0
Script duration 743.0
Run total estimated duration= 744.000
script duration name:analysis400_120_no_save_center seconds:559.0
script duration name:furnace seconds:184.0
Script duration 743.0
Run total estimated duration= 744.000
loading script "felix_analysis400_120_CDD_center.py"
loading script "felix_pump_ms.py"
loading script "felix_air_x2.py"
loading script "felix_pump_extraction_line.py"
testing...
no interpolation path defined
executed snippet estimated_duration=559.2304, duration=0.000250101089478
script duration name:analysis400_120_CDD_center seconds:559.0
loading script "felix_analysis400_120_CDD_center.py"
loading script "felix_pump_ms.py"
loading script "felix_air_x2.py"
loading script "felix_pump_extraction_line.py"
testing...
no interpolation path defined
calculate duration
testing...
no interpolation path defined
executed snippet estimated_duration=0, duration=0.00017786026001
calculate duration
testing...
no interpolation path defined
executed snippet estimated_duration=0, duration=0.000184059143066
calculate duration
testing...
no interpolation path defined
executed snippet estimated_duration=32.0, duration=0.000113010406494
calculate duration
testing...
no interpolation path defined
executed snippet estimated_duration=34.0, duration=0.000162839889526
calculate duration
testing...
no interpolation path defined
executed snippet estimated_duration=2.0, duration=0.000105142593384
calculate duration
testing...
no interpolation path defined
executed snippet estimated_duration=34.0, duration=0.000134944915771
calculate duration
testing...
no interpolation path defined
executed snippet estimated_duration=34.0, duration=0.000197887420654
calculate duration
testing...
no interpolation path defined
executed snippet estimated_duration=34.0, duration=0.000540971755981
executed snippet estimated_duration=174.0, duration=0.0491650104523
script duration name:air_x2 seconds:174.0
Script duration 733.0
Run total estimated duration= 734.000
script duration name:analysis400_120_no_save_center seconds:559.0
script duration name:furnace seconds:184.0
Script duration 743.0
Run total estimated duration= 744.000
script duration name:analysis400_120_no_save_center seconds:559.0
script duration name:furnace seconds:184.0
Script duration 743.0
Run total estimated duration= 744.000
script duration name:analysis400_120_no_save_center seconds:559.0
script duration name:furnace seconds:184.0
Script duration 743.0
Run total estimated duration= 744.000
script duration name:analysis400_120_no_save_center seconds:559.0
script duration name:furnace seconds:184.0
Script duration 743.0
Run total estimated duration= 744.000
script duration name:analysis400_120_no_save_center seconds:559.0
script duration name:furnace seconds:184.0
Script duration 743.0
Run total estimated duration= 744.000
script duration name:analysis400_120_no_save_center seconds:559.0
script duration name:furnace seconds:184.0
Script duration 743.0
Run total estimated duration= 744.000
loading script "felix_analysis400_120 no center.py"
loading script "felix_pump_ms.py"
loading script "felix_air_x2.py"
loading script "felix_pump_extraction_line.py"
testing...
no interpolation path defined
executed snippet estimated_duration=559.2304, duration=0.000192880630493
script duration name:analysis400_120 no center seconds:559.0
air_x2 in script context. using previous estimated duration
script duration name:air_x2 seconds:174.0
Script duration 733.0
Run total estimated duration= 734.000
analysis400_120_CDD_center in script context. using previous estimated duration
script duration name:analysis400_120_CDD_center seconds:559.0
script duration name:air_x2 seconds:174.0
Script duration 733.0
Run total estimated duration= 734.000
script duration name:analysis400_120_CDD_center seconds:559.0
script duration name:air_x2 seconds:174.0
Script duration 733.0
Run total estimated duration= 734.000
analysis400_120 no center in script context. using previous estimated duration
script duration name:analysis400_120 no center seconds:559.0
loading script "felix_analysis400_120 no center.py"
loading script "felix_pump_ms.py"
loading script "felix_cocktail_x3.py"
loading script "felix_pump_extraction_line.py"
testing...
no interpolation path defined
calculate duration
testing...
no interpolation path defined
executed snippet estimated_duration=0, duration=7.9870223999e-05
calculate duration
testing...
no interpolation path defined
executed snippet estimated_duration=0, duration=0.000252962112427
calculate duration
testing...
no interpolation path defined
executed snippet estimated_duration=32.0, duration=0.000164985656738
calculate duration
testing...
no interpolation path defined
executed snippet estimated_duration=34.0, duration=0.000191926956177
calculate duration
testing...
no interpolation path defined
executed snippet estimated_duration=2.0, duration=0.000127792358398
calculate duration
testing...
no interpolation path defined
executed snippet estimated_duration=34.0, duration=0.000121116638184
calculate duration
testing...
no interpolation path defined
executed snippet estimated_duration=34.0, duration=0.000164985656738
calculate duration
testing...
no interpolation path defined
executed snippet estimated_duration=34.0, duration=9.79900360107e-05
calculate duration
testing...
no interpolation path defined
executed snippet estimated_duration=34.0, duration=0.000186920166016
calculate duration
testing...
no interpolation path defined
executed snippet estimated_duration=34.0, duration=0.000158071517944
executed snippet estimated_duration=244.0, duration=0.0561461448669
script duration name:cocktail_x3 seconds:244.0
Script duration 803.0
Run total estimated duration= 804.000
script duration name:analysis400_120_no_save_center seconds:559.0
cocktail_x3 in script context. using previous estimated duration
script duration name:cocktail_x3 seconds:244.0
Script duration 803.0
Run total estimated duration= 804.000
script duration name:analysis400_120 no center seconds:559.0
script duration name:furnace seconds:184.0
Script duration 743.0
Run total estimated duration= 744.000
script duration name:analysis400_120_no_save_center seconds:559.0
script duration name:furnace seconds:184.0
Script duration 743.0
Run total estimated duration= 744.000
script duration name:analysis400_120_no_save_center seconds:559.0
script duration name:furnace seconds:184.0
Script duration 743.0
Run total estimated duration= 744.000
script duration name:analysis400_120_no_save_center seconds:559.0
script duration name:furnace seconds:184.0
Script duration 743.0
Run total estimated duration= 744.000
script duration name:analysis400_120_no_save_center seconds:559.0
script duration name:furnace seconds:184.0
Script duration 743.0
Run total estimated duration= 744.000
script duration name:analysis400_120_no_save_center seconds:559.0
script duration name:furnace seconds:184.0
Script duration 743.0
Run total estimated duration= 744.000
script duration name:analysis400_120_no_save_center seconds:559.0
script duration name:furnace seconds:184.0
Script duration 743.0
Run total estimated duration= 744.000
script duration name:analysis400_120_no_save_center seconds:559.0
script duration name:furnace seconds:184.0
Script duration 743.0
Run total estimated duration= 744.000
script duration name:analysis400_120_no_save_center seconds:559.0
script duration name:furnace seconds:184.0
Script duration 743.0
Run total estimated duration= 744.000
script duration name:analysis400_120_no_save_center seconds:559.0
script duration name:furnace seconds:184.0
Script duration 743.0
Run total estimated duration= 744.000
script duration name:analysis400_120_no_save_center seconds:559.0
script duration name:furnace seconds:184.0
Script duration 743.0
Run total estimated duration= 744.000
script duration name:analysis400_120_no_save_center seconds:559.0
script duration name:furnace seconds:184.0
Script duration 743.0
Run total estimated duration= 744.000
script duration name:analysis400_120_no_save_center seconds:559.0
script duration name:furnace seconds:184.0
Script duration 743.0
Run total estimated duration= 744.000
script duration name:analysis400_120_no_save_center seconds:559.0
script duration name:furnace seconds:184.0
Script duration 743.0
Run total estimated duration= 744.000
script duration name:analysis400_120_no_save_center seconds:559.0
script duration name:furnace seconds:184.0
Script duration 743.0
Run total estimated duration= 744.000
script duration name:analysis400_120_no_save_center seconds:559.0
script duration name:furnace seconds:184.0
Script duration 743.0
Run total estimated duration= 744.000
script duration name:analysis400_120_no_save_center seconds:559.0
script duration name:furnace seconds:184.0
Script duration 743.0
Run total estimated duration= 744.000
script duration name:analysis400_120_no_save_center seconds:559.0
script duration name:furnace seconds:184.0
Script duration 743.0
Run total estimated duration= 744.000
script duration name:analysis400_120_no_save_center seconds:559.0
script duration name:furnace seconds:184.0
Script duration 743.0
Run total estimated duration= 744.000
script duration name:analysis400_120_no_save_center seconds:559.0
script duration name:furnace seconds:184.0
Script duration 743.0
Run total estimated duration= 744.000
script duration name:analysis400_120_no_save_center seconds:559.0
script duration name:furnace seconds:184.0
Script duration 743.0
Run total estimated duration= 744.000
script duration name:analysis400_120_no_save_center seconds:559.0
script duration name:furnace seconds:184.0
Script duration 743.0
Run total estimated duration= 744.000
script duration name:analysis400_120_no_save_center seconds:559.0
script duration name:furnace seconds:184.0
Script duration 743.0
Run total estimated duration= 744.000
script duration name:analysis400_120_no_save_center seconds:559.0
script duration name:furnace seconds:184.0
Script duration 743.0
Run total estimated duration= 744.000
script duration name:analysis400_120_no_save_center seconds:559.0
script duration name:furnace seconds:184.0
Script duration 743.0
Run total estimated duration= 744.000
script duration name:analysis400_120_no_save_center seconds:559.0
script duration name:furnace seconds:184.0
Script duration 743.0
Run total estimated duration= 744.000
script duration name:analysis400_120_no_save_center seconds:559.0
script duration name:furnace seconds:184.0
Script duration 743.0
Run total estimated duration= 744.000
script duration name:analysis400_120_no_save_center seconds:559.0
script duration name:furnace seconds:184.0
Script duration 743.0
Run total estimated duration= 744.000
script duration name:analysis400_120_no_save_center seconds:559.0
script duration name:furnace seconds:184.0
Script duration 743.0
Run total estimated duration= 744.000
script duration name:analysis400_120_no_save_center seconds:559.0
script duration name:furnace seconds:184.0
Script duration 743.0
Run total estimated duration= 744.000
script duration name:analysis400_120_no_save_center seconds:559.0
script duration name:furnace seconds:184.0
Script duration 743.0
Run total estimated duration= 744.000
script duration name:analysis400_120_no_save_center seconds:559.0
script duration name:furnace seconds:184.0
Script duration 743.0
Run total estimated duration= 744.000
script duration name:analysis400_120_no_save_center seconds:559.0
script duration name:furnace seconds:184.0
Script duration 743.0
Run total estimated duration= 744.000
script duration name:analysis400_120_no_save_center seconds:559.0
script duration name:furnace seconds:184.0
Script duration 743.0
Run total estimated duration= 744.000
script duration name:analysis400_120_no_save_center seconds:559.0
script duration name:furnace seconds:184.0
Script duration 743.0
Run total estimated duration= 744.000
script duration name:analysis400_120_no_save_center seconds:559.0
script duration name:furnace seconds:184.0
Script duration 743.0
Run total estimated duration= 744.000
script duration name:analysis400_120 no center seconds:559.0
script duration name:air_x2 seconds:174.0
Script duration 733.0
Run total estimated duration= 734.000
script duration name:analysis400_120_CDD_center seconds:559.0
script duration name:air_x2 seconds:174.0
Script duration 733.0
Run total estimated duration= 734.000
script duration name:analysis400_120_CDD_center seconds:559.0
script duration name:air_x2 seconds:174.0
Script duration 733.0
Run total estimated duration= 734.000
script duration name:analysis400_120 no center seconds:559.0
script duration name:cocktail_x3 seconds:244.0
Script duration 803.0
Run total estimated duration= 804.000
script duration name:analysis400_120_no_save_center seconds:559.0
script duration name:cocktail_x3 seconds:244.0
Script duration 803.0
Run total estimated duration= 804.000
script duration name:analysis400_120 no center seconds:559.0
script duration name:furnace seconds:184.0
Script duration 743.0
Run total estimated duration= 744.000
nruns=66 before=5.0, run_dur=49274.0, btw=325.0
write rem/ex queues
/Users/obama/PychronDev/experiments/rem/Furnace_Sept_12_2017.rem.txt
/Users/obama/PychronDev/experiments/rem/Furnace_Sept_12_2017.ex.txt
doing event level: 3
add run
